<?xml version="1.0" encoding="UTF-8"?>
<!-- Generated by org.testng.reporters.JUnitReportReporter -->
<testsuite hostname="DESKTOP-E126711" failures="0" tests="1" name="tests.OpenBrowser" time="1.634" errors="0" timestamp="2022-06-28T16:15:29 BRT" skipped="0">
  <testcase classname="tests.OpenBrowser" name="test1" time="1.634"/>
  <system-out/>
</testsuite> <!-- tests.OpenBrowser -->
